#! /c/iverilog/bin/vvp
:ivl_version "0.9.7 " "(v0_9_7)";
:vpi_time_precision + 0;
:vpi_module "system";
:vpi_module "v2005_math";
:vpi_module "va_math";
S_011ED7D8 .scope module, "TB" "TB" 2 1;
 .timescale 0 0;
v01220AE0_0 .var "ii", 3 0;
v01220928_0 .var "s0", 0 0;
v01220C40_0 .var "s1", 0 0;
v01220A30_0 .net "yy", 0 0, L_01220CF0; 1 drivers
S_011EDB90 .scope module, "newMUX" "mux4" 2 10, 3 1, S_011ED7D8;
 .timescale 0 0;
v011E8CC0_0 .net "i", 0 3, v01220AE0_0; 1 drivers
v011E8D18_0 .net "j0", 0 0, v01220928_0; 1 drivers
v011E8D70_0 .net "j1", 0 0, v01220C40_0; 1 drivers
v011EE2A0_0 .alias "o", 0 0, v01220A30_0;
v011EE2F8_0 .net "t0", 0 0, L_012208D0; 1 drivers
v01220FB0_0 .net "t1", 0 0, L_01220B38; 1 drivers
L_01220DA0 .part v01220AE0_0, 3, 1;
L_01220980 .part v01220AE0_0, 2, 1;
L_01220D48 .part v01220AE0_0, 1, 1;
L_01221008 .part v01220AE0_0, 0, 1;
S_011ECED0 .scope module, "mux2_0" "mux2" 3 3, 4 1, S_011EDB90;
 .timescale 0 0;
v011E3A30_0 .net "i0", 0 0, L_01220DA0; 1 drivers
v011E3A88_0 .net "i1", 0 0, L_01220980; 1 drivers
v011E8C10_0 .alias "j", 0 0, v011E8D18_0;
v011E8C68_0 .alias "o", 0 0, v011EE2F8_0;
L_012208D0 .functor MUXZ 1, L_01220DA0, L_01220980, v01220928_0, C4<>;
S_011EDA80 .scope module, "mux2_1" "mux2" 3 4, 4 1, S_011EDB90;
 .timescale 0 0;
v011E3690_0 .net "i0", 0 0, L_01220D48; 1 drivers
v011E36E8_0 .net "i1", 0 0, L_01221008; 1 drivers
v011E3740_0 .alias "j", 0 0, v011E8D18_0;
v011E39D8_0 .alias "o", 0 0, v01220FB0_0;
L_01220B38 .functor MUXZ 1, L_01220D48, L_01221008, v01220928_0, C4<>;
S_011ED860 .scope module, "mux2_2" "mux2" 3 5, 4 1, S_011EDB90;
 .timescale 0 0;
v011EEF78_0 .alias "i0", 0 0, v011EE2F8_0;
v011E2AF8_0 .alias "i1", 0 0, v01220FB0_0;
v011E2B50_0 .alias "j", 0 0, v011E8D70_0;
v011E2BA8_0 .alias "o", 0 0, v01220A30_0;
L_01220CF0 .functor MUXZ 1, L_012208D0, L_01220B38, v01220C40_0, C4<>;
    .scope S_011ED7D8;
T_0 ;
    %vpi_call 2 7 "$dumpfile", "MUX4_test.vcd";
    %vpi_call 2 8 "$dumpvars", 1'sb0, S_011ED7D8;
    %end;
    .thread T_0;
    .scope S_011ED7D8;
T_1 ;
    %set/v v01220AE0_0, 0, 4;
    %set/v v01220928_0, 0, 1;
    %set/v v01220C40_0, 0, 1;
    %delay 5, 0;
    %movi 8, 8, 4;
    %set/v v01220AE0_0, 8, 4;
    %set/v v01220928_0, 0, 1;
    %set/v v01220C40_0, 0, 1;
    %delay 5, 0;
    %set/v v01220AE0_0, 0, 4;
    %set/v v01220928_0, 0, 1;
    %set/v v01220C40_0, 1, 1;
    %delay 5, 0;
    %movi 8, 4, 4;
    %set/v v01220AE0_0, 8, 4;
    %set/v v01220928_0, 0, 1;
    %set/v v01220C40_0, 1, 1;
    %delay 5, 0;
    %set/v v01220AE0_0, 0, 4;
    %set/v v01220928_0, 1, 1;
    %set/v v01220C40_0, 0, 1;
    %delay 5, 0;
    %movi 8, 2, 4;
    %set/v v01220AE0_0, 8, 4;
    %set/v v01220928_0, 1, 1;
    %set/v v01220C40_0, 0, 1;
    %delay 5, 0;
    %set/v v01220AE0_0, 0, 4;
    %set/v v01220928_0, 1, 1;
    %set/v v01220C40_0, 1, 1;
    %delay 5, 0;
    %movi 8, 1, 4;
    %set/v v01220AE0_0, 8, 4;
    %set/v v01220928_0, 1, 1;
    %set/v v01220C40_0, 1, 1;
    %end;
    .thread T_1;
    .scope S_011ED7D8;
T_2 ;
    %vpi_call 2 22 "$monitor", "At time %t, s1 = %b, s0 = %b, ii = %b, yy = %b", $time, v01220C40_0, v01220928_0, v01220AE0_0, v01220A30_0;
    %end;
    .thread T_2;
# The file index is used to find the file name in the following table.
:file_names 5;
    "N/A";
    "<interactive>";
    "mux4_tb.v";
    "mux4.v";
    "mux2.v";
