#! /c/iverilog/bin/vvp
:ivl_version "0.9.7 " "(v0_9_7)";
:vpi_time_precision - 12;
:vpi_module "system";
:vpi_module "v2005_math";
:vpi_module "va_math";
S_01272BE8 .scope module, "TB_D" "TB_D" 2 3;
 .timescale -9 -12;
v0127E500_0 .var "CLK", 0 0;
v0127E558_0 .var "D", 0 0;
v0127E5B0_0 .net "Q", 0 0, v012730C8_0; 1 drivers
v0127E608_0 .var "RST", 0 0;
S_01272FE8 .scope module, "newD" "d_ff" 2 8, 3 1, S_01272BE8;
 .timescale 0 0;
v01273070_0 .net "D", 0 0, v0127E558_0; 1 drivers
v012730C8_0 .var "Q", 0 0;
v01278778_0 .net "clk", 0 0, v0127E500_0; 1 drivers
v0127E4A8_0 .net "rst", 0 0, v0127E608_0; 1 drivers
E_01142148 .event posedge, v01278778_0;
    .scope S_01272FE8;
T_0 ;
    %wait E_01142148;
    %load/v 8, v0127E4A8_0, 1;
    %jmp/0xz  T_0.0, 8;
    %ix/load 0, 1, 0;
    %assign/v0 v012730C8_0, 0, 0;
    %jmp T_0.1;
T_0.0 ;
    %load/v 8, v01273070_0, 1;
    %ix/load 0, 1, 0;
    %assign/v0 v012730C8_0, 0, 8;
T_0.1 ;
    %jmp T_0;
    .thread T_0;
    .scope S_01272BE8;
T_1 ;
    %set/v v0127E500_0, 0, 1;
T_1.0 ;
    %delay 5000, 0;
    %load/v 8, v0127E500_0, 1;
    %inv 8, 1;
    %set/v v0127E500_0, 8, 1;
    %jmp T_1.0;
    %end;
    .thread T_1;
    .scope S_01272BE8;
T_2 ;
    %vpi_call 2 14 "$dumpfile", "d_ff.vcd";
    %vpi_call 2 15 "$dumpvars", 1'sb0, S_01272BE8;
    %end;
    .thread T_2;
    .scope S_01272BE8;
T_3 ;
    %set/v v0127E608_0, 1, 1;
    %set/v v0127E558_0, 0, 1;
    %delay 9000, 0;
    %set/v v0127E608_0, 0, 1;
    %delay 6000, 0;
    %set/v v0127E558_0, 1, 1;
    %delay 7000, 0;
    %set/v v0127E558_0, 0, 1;
    %delay 9000, 0;
    %set/v v0127E558_0, 1, 1;
    %delay 11000, 0;
    %set/v v0127E558_0, 0, 1;
    %delay 6000, 0;
    %set/v v0127E608_0, 1, 1;
    %delay 5000, 0;
    %set/v v0127E608_0, 0, 1;
    %delay 15000, 0;
    %vpi_call 2 27 "$finish";
    %end;
    .thread T_3;
    .scope S_01272BE8;
T_4 ;
    %vpi_call 2 31 "$monitor", "At time %t, D = %b, RST = %b, Q = %b", $time, v0127E558_0, v0127E608_0, v0127E5B0_0;
    %end;
    .thread T_4;
# The file index is used to find the file name in the following table.
:file_names 4;
    "N/A";
    "<interactive>";
    "Dflipflop_tb.v";
    "Dflipflop.v";
